<?xml version="1.0" encoding="UTF-8"?>
<!-- Generated by org.testng.reporters.JUnitReportReporter -->
<testsuite hostname="DilipK-X1" failures="0" tests="1" name="test.com.ExtentReportTest" time="5.119" errors="0" timestamp="2021-09-29T14:42:28 IST" skipped="0">
  <testcase classname="test.com.ExtentReportTest" name="extentReportTest" time="5.119"/>
  <system-out/>
</testsuite> <!-- test.com.ExtentReportTest -->
