<?xml version="1.0" encoding="UTF-8"?>
<!-- Generated by org.testng.reporters.JUnitReportReporter -->
<testsuite hostname="DilipK-X1" failures="0" tests="2" name="deep.testNG.groupes.TestngGroupsDemo" time="0.009" errors="0" timestamp="2021-10-05T22:19:03 IST" skipped="0">
  <testcase classname="deep.testNG.groupes.TestngGroupsDemo" name="test2" time="0.002"/>
  <system-out/>
  <testcase classname="deep.testNG.groupes.TestngGroupsDemo" name="test1" time="0.007"/>
  <system-out/>
</testsuite> <!-- deep.testNG.groupes.TestngGroupsDemo -->
