<?xml version="1.0" encoding="UTF-8"?>
<!-- Generated by org.testng.reporters.JUnitReportReporter -->
<testsuite hostname="DilipK-X1" failures="0" tests="1" name="test.com.TestSearch" time="9.264" errors="0" timestamp="2021-09-27T07:46:48 IST" skipped="0">
  <testcase classname="test.com.TestSearch" name="searshTest" time="9.264"/>
  <system-out/>
</testsuite> <!-- test.com.TestSearch -->
