<?xml version="1.0" encoding="UTF-8"?>
<!-- Generated by org.testng.reporters.JUnitReportReporter -->
<testsuite hostname="DilipK-X1" failures="0" tests="2" name="deep.ignorecase.TestNG_IgnoreDemo" time="0.012" errors="0" timestamp="2021-10-10T17:55:20 IST" skipped="0">
  <testcase classname="deep.ignorecase.TestNG_IgnoreDemo" name="test1" time="0.010"/>
  <system-out/>
  <testcase classname="deep.ignorecase.TestNG_IgnoreDemo" name="test4" time="0.002"/>
  <system-out/>
</testsuite> <!-- deep.ignorecase.TestNG_IgnoreDemo -->
