<?xml version="1.0" encoding="UTF-8"?>
<!-- Generated by org.testng.reporters.JUnitReportReporter -->
<testsuite hostname="DilipK-X1" failures="0" tests="4" name="deep.dependeny.TestNGdependency" time="0.015" errors="0" timestamp="2021-10-10T12:04:37 IST" skipped="0">
  <testcase classname="deep.dependeny.TestNGdependency" name="test2" time="0.003"/>
  <system-out/>
  <testcase classname="deep.dependeny.TestNGdependency" name="test3" time="0.002"/>
  <system-out/>
  <testcase classname="deep.dependeny.TestNGdependency" name="test1" time="0.008"/>
  <system-out/>
  <testcase classname="deep.dependeny.TestNGdependency" name="test" time="0.002"/>
  <system-out/>
</testsuite> <!-- deep.dependeny.TestNGdependency -->
