<?xml version="1.0" encoding="UTF-8"?>
<!-- Generated by org.testng.reporters.JUnitReportReporter -->
<testsuite hostname="DilipK-X1" failures="0" tests="1" name="deep.parameter.TestNG_parameterDemo" time="0.010" errors="0" timestamp="2021-10-10T11:43:27 IST" skipped="0">
  <testcase classname="deep.parameter.TestNG_parameterDemo" name="test" time="0.010"/>
  <system-out/>
</testsuite> <!-- deep.parameter.TestNG_parameterDemo -->
